2025-07-25 23:12:34,799 - INFO - Ingesting begin_inventory.csv into DB
2025-07-25 23:12:37,614 - INFO - Ingesting end_inventory.csv into DB
2025-07-25 23:12:41,182 - INFO - Ingesting purchases.csv into DB
2025-07-25 23:13:31,753 - INFO - Ingesting purchase_prices.csv into DB
2025-07-25 23:13:31,941 - INFO - Ingesting sales.csv into DB
2025-07-25 23:17:34,521 - INFO - Ingesting vendor_invoice.csv into DB
2025-07-25 23:17:34,703 - INFO - -------------------Ingestion complete-------------------
2025-07-25 23:17:34,703 - INFO - Total time: 5.00 minutes

2025-07-28 13:22:50,696 - INFO - Creating vendor summary table...
2025-07-28 13:25:08,671 - INFO - Vendor summary created successfully.
2025-07-28 13:25:08,678 - DEBUG -    VendorNumber                   VendorName  Brand              Description  PurchasePrice  ActualPrice Volume  TotalPurchaseQuantity  TotalPurchaseDollars  TotalSalesQuantity  TotalSalesDollars  TotalSalesPrice  TotalExciseTax  FreightCost
0          1128  BROWN-FORMAN CORP             1233  Jack Daniels No 7 Black          26.27        36.99   1750                 145080            3811251.60            142049.0         5101919.51        672819.31       260999.20     68601.68
1          4425        MARTIGNETTI COMPANIES   3405    Tito's Handmade Vodka          23.19        28.99   1750                 164038            3804041.22            160247.0         4819073.49        561512.37       294438.66    144929.24
2         17035  PERNOD RICARD USA             8068         Absolut 80 Proof          18.24        24.99   1750                 187407            3418303.68            187140.0         4538120.60        461140.15       343854.07    123780.22
3          3960  DIAGEO NORTH AMERICA INC      4261   Capt Morgan Spiced Rum          16.17        22.99   1750                 201682            3261197.94            200412.0         4475972.88        420050.01       368242.80    257032.07
4          3960  DIAGEO NORTH AMERICA INC      3545          Ketel One Vodka          21.89        29.99   1750                 138109            3023206.01            135838.0         4223107.62        545778.28       249587.83    257032.07
2025-07-28 13:25:08,678 - INFO - Cleaning data...
2025-07-28 13:25:08,689 - INFO - Data cleaned successfully.
2025-07-28 13:25:08,694 - DEBUG -    VendorNumber                VendorName  Brand              Description  PurchasePrice  ActualPrice  Volume  TotalPurchaseQuantity  TotalPurchaseDollars  TotalSalesQuantity  TotalSalesDollars  TotalSalesPrice  TotalExciseTax  FreightCost  GrossProfit  ProfitMargin  StockTurnOver  SalesToPurchaseRatio
0          1128         BROWN-FORMAN CORP   1233  Jack Daniels No 7 Black          26.27        36.99  1750.0                 145080            3811251.60            142049.0         5101919.51        672819.31       260999.20     68601.68   1290667.91     25.297693       0.979108              1.338647
1          4425     MARTIGNETTI COMPANIES   3405    Tito's Handmade Vodka          23.19        28.99  1750.0                 164038            3804041.22            160247.0         4819073.49        561512.37       294438.66    144929.24   1015032.27     21.062810       0.976890              1.266830
2         17035         PERNOD RICARD USA   8068         Absolut 80 Proof          18.24        24.99  1750.0                 187407            3418303.68            187140.0         4538120.60        461140.15       343854.07    123780.22   1119816.92     24.675786       0.998575              1.327594
3          3960  DIAGEO NORTH AMERICA INC   4261   Capt Morgan Spiced Rum          16.17        22.99  1750.0                 201682            3261197.94            200412.0         4475972.88        420050.01       368242.80    257032.07   1214774.94     27.139908       0.993703              1.372493
4          3960  DIAGEO NORTH AMERICA INC   3545          Ketel One Vodka          21.89        29.99  1750.0                 138109            3023206.01            135838.0         4223107.62        545778.28       249587.83    257032.07   1199901.61     28.412764       0.983556              1.396897
2025-07-28 13:25:08,871 - INFO - Cleaned data exported to CSV at D:\DATA_ANALYST_MAJOR\data\vendor_sales_summary.csv
2025-07-28 13:25:08,871 - INFO - Ingesting cleaned DataFrame directly into DB...
2025-07-28 13:25:09,922 - INFO - Data ingestion completed.
